[25-Oct-2022 05:52:55 America/Chicago] PHP Warning:  require(/home1/ramadia/public_html/public/../vendor/autoload.php): Failed to open stream: No such file or directory in /home1/ramadia/public_html/public/index.php on line 34
[25-Oct-2022 05:52:55 America/Chicago] PHP Fatal error:  Uncaught Error: Failed opening required '/home1/ramadia/public_html/public/../vendor/autoload.php' (include_path='.:/opt/cpanel/ea-php81/root/usr/share/pear') in /home1/ramadia/public_html/public/index.php:34
Stack trace:
#0 {main}
  thrown in /home1/ramadia/public_html/public/index.php on line 34
[25-Oct-2022 05:52:59 America/Chicago] PHP Warning:  require(/home1/ramadia/public_html/public/../vendor/autoload.php): Failed to open stream: No such file or directory in /home1/ramadia/public_html/public/index.php on line 34
[25-Oct-2022 05:52:59 America/Chicago] PHP Fatal error:  Uncaught Error: Failed opening required '/home1/ramadia/public_html/public/../vendor/autoload.php' (include_path='.:/opt/cpanel/ea-php81/root/usr/share/pear') in /home1/ramadia/public_html/public/index.php:34
Stack trace:
#0 {main}
  thrown in /home1/ramadia/public_html/public/index.php on line 34
[25-Oct-2022 05:54:09 America/Chicago] PHP Warning:  require(/home1/ramadia/public_html/public/../vendor/autoload.php): Failed to open stream: No such file or directory in /home1/ramadia/public_html/public/index.php on line 34
[25-Oct-2022 05:54:09 America/Chicago] PHP Fatal error:  Uncaught Error: Failed opening required '/home1/ramadia/public_html/public/../vendor/autoload.php' (include_path='.:/opt/cpanel/ea-php81/root/usr/share/pear') in /home1/ramadia/public_html/public/index.php:34
Stack trace:
#0 {main}
  thrown in /home1/ramadia/public_html/public/index.php on line 34
[25-Oct-2022 05:55:39 America/Chicago] PHP Warning:  require(/home1/ramadia/public_html/public/../vendor/autoload.php): Failed to open stream: No such file or directory in /home1/ramadia/public_html/public/index.php on line 34
[25-Oct-2022 05:55:39 America/Chicago] PHP Fatal error:  Uncaught Error: Failed opening required '/home1/ramadia/public_html/public/../vendor/autoload.php' (include_path='.:/opt/cpanel/ea-php81/root/usr/share/pear') in /home1/ramadia/public_html/public/index.php:34
Stack trace:
#0 {main}
  thrown in /home1/ramadia/public_html/public/index.php on line 34
[25-Oct-2022 05:55:41 America/Chicago] PHP Warning:  require(/home1/ramadia/public_html/public/../vendor/autoload.php): Failed to open stream: No such file or directory in /home1/ramadia/public_html/public/index.php on line 34
[25-Oct-2022 05:55:41 America/Chicago] PHP Fatal error:  Uncaught Error: Failed opening required '/home1/ramadia/public_html/public/../vendor/autoload.php' (include_path='.:/opt/cpanel/ea-php81/root/usr/share/pear') in /home1/ramadia/public_html/public/index.php:34
Stack trace:
#0 {main}
  thrown in /home1/ramadia/public_html/public/index.php on line 34
[25-Oct-2022 15:49:59 UTC] PHP Fatal error:  Trait "App\Http\Trait\SendTrait" not found in /home1/ramadia/public_html/app/Http/Controllers/Admin/TelrController.php on line 9
[28-Oct-2022 13:27:12 America/Chicago] PHP Warning:  include(): Failed opening '/home1/ramadia/public_html/vendor/composer/../../app/Http/Kernel.php' for inclusion (include_path='.:/opt/cpanel/ea-php81/root/usr/share/pear') in /home1/ramadia/public_html/vendor/composer/ClassLoader.php on line 571
[28-Oct-2022 13:27:12 America/Chicago] PHP Fatal error:  Uncaught ReflectionException: Class "App\Http\Kernel" does not exist in /home1/ramadia/public_html/vendor/laravel/framework/src/Illuminate/Container/Container.php:875
Stack trace:
#0 /home1/ramadia/public_html/vendor/laravel/framework/src/Illuminate/Container/Container.php(875): ReflectionClass->__construct('App\\Http\\Kernel')
#1 /home1/ramadia/public_html/vendor/laravel/framework/src/Illuminate/Container/Container.php(756): Illuminate\Container\Container->build('App\\Http\\Kernel')
#2 /home1/ramadia/public_html/vendor/laravel/framework/src/Illuminate/Foundation/Application.php(860): Illuminate\Container\Container->resolve('App\\Http\\Kernel', Array, false)
#3 /home1/ramadia/public_html/vendor/laravel/framework/src/Illuminate/Container/Container.php(296): Illuminate\Foundation\Application->resolve('App\\Http\\Kernel', Array, false)
#4 /home1/ramadia/public_html/vendor/laravel/framework/src/Illuminate/Container/Container.php(871): Illuminate\Container\Container->Illuminate\Container\{closure}(Object(Illuminate\Foundation\Application), Array)
#5 /home1/ramadia/public_html/vendor/laravel/framework/src/Illuminate/Container/Container.php(756): Illuminate\Container\Container->build(Object(Closure))
#6 /home1/ramadia/public_html/vendor/laravel/framework/src/Illuminate/Foundation/Application.php(860): Illuminate\Container\Container->resolve('Illuminate\\Cont...', Array, true)
#7 /home1/ramadia/public_html/vendor/laravel/framework/src/Illuminate/Container/Container.php(692): Illuminate\Foundation\Application->resolve('Illuminate\\Cont...', Array)
#8 /home1/ramadia/public_html/vendor/laravel/framework/src/Illuminate/Foundation/Application.php(845): Illuminate\Container\Container->make('Illuminate\\Cont...', Array)
#9 /home1/ramadia/public_html/public/index.php(49): Illuminate\Foundation\Application->make('Illuminate\\Cont...')
#10 {main}

Next Illuminate\Contracts\Container\BindingResolutionException: Target class [App\Http\Kernel] does not exist. in /home1/ramadia/public_html/vendor/laravel/framework/src/Illuminate/Container/Container.php:877
Stack trace:
#0 /home1/ramadia/public_html/vendor/laravel/framework/src/Illuminate/Container/Container.php(756): Illuminate\Container\Container->build('App\\Http\\Kernel')
#1 /home1/ramadia/public_html/vendor/laravel/framework/src/Illuminate/Foundation/Application.php(860): Illuminate\Container\Container->resolve('App\\Http\\Kernel', Array, false)
#2 /home1/ramadia/public_html/vendor/laravel/framework/src/Illuminate/Container/Container.php(296): Illuminate\Foundation\Application->resolve('App\\Http\\Kernel', Array, false)
#3 /home1/ramadia/public_html/vendor/laravel/framework/src/Illuminate/Container/Container.php(871): Illuminate\Container\Container->Illuminate\Container\{closure}(Object(Illuminate\Foundation\Application), Array)
#4 /home1/ramadia/public_html/vendor/laravel/framework/src/Illuminate/Container/Container.php(756): Illuminate\Container\Container->build(Object(Closure))
#5 /home1/ramadia/public_html/vendor/laravel/framework/src/Illuminate/Foundation/Application.php(860): Illuminate\Container\Container->resolve('Illuminate\\Cont...', Array, true)
#6 /home1/ramadia/public_html/vendor/laravel/framework/src/Illuminate/Container/Container.php(692): Illuminate\Foundation\Application->resolve('Illuminate\\Cont...', Array)
#7 /home1/ramadia/public_html/vendor/laravel/framework/src/Illuminate/Foundation/Application.php(845): Illuminate\Container\Container->make('Illuminate\\Cont...', Array)
#8 /home1/ramadia/public_html/public/index.php(49): Illuminate\Foundation\Application->make('Illuminate\\Cont...')
#9 {main}
  thrown in /home1/ramadia/public_html/vendor/laravel/framework/src/Illuminate/Container/Container.php on line 877
[28-Oct-2022 13:27:17 America/Chicago] PHP Warning:  include(): Failed opening '/home1/ramadia/public_html/vendor/composer/../../app/Http/Kernel.php' for inclusion (include_path='.:/opt/cpanel/ea-php81/root/usr/share/pear') in /home1/ramadia/public_html/vendor/composer/ClassLoader.php on line 571
[28-Oct-2022 13:27:17 America/Chicago] PHP Fatal error:  Uncaught ReflectionException: Class "App\Http\Kernel" does not exist in /home1/ramadia/public_html/vendor/laravel/framework/src/Illuminate/Container/Container.php:875
Stack trace:
#0 /home1/ramadia/public_html/vendor/laravel/framework/src/Illuminate/Container/Container.php(875): ReflectionClass->__construct('App\\Http\\Kernel')
#1 /home1/ramadia/public_html/vendor/laravel/framework/src/Illuminate/Container/Container.php(756): Illuminate\Container\Container->build('App\\Http\\Kernel')
#2 /home1/ramadia/public_html/vendor/laravel/framework/src/Illuminate/Foundation/Application.php(860): Illuminate\Container\Container->resolve('App\\Http\\Kernel', Array, false)
#3 /home1/ramadia/public_html/vendor/laravel/framework/src/Illuminate/Container/Container.php(296): Illuminate\Foundation\Application->resolve('App\\Http\\Kernel', Array, false)
#4 /home1/ramadia/public_html/vendor/laravel/framework/src/Illuminate/Container/Container.php(871): Illuminate\Container\Container->Illuminate\Container\{closure}(Object(Illuminate\Foundation\Application), Array)
#5 /home1/ramadia/public_html/vendor/laravel/framework/src/Illuminate/Container/Container.php(756): Illuminate\Container\Container->build(Object(Closure))
#6 /home1/ramadia/public_html/vendor/laravel/framework/src/Illuminate/Foundation/Application.php(860): Illuminate\Container\Container->resolve('Illuminate\\Cont...', Array, true)
#7 /home1/ramadia/public_html/vendor/laravel/framework/src/Illuminate/Container/Container.php(692): Illuminate\Foundation\Application->resolve('Illuminate\\Cont...', Array)
#8 /home1/ramadia/public_html/vendor/laravel/framework/src/Illuminate/Foundation/Application.php(845): Illuminate\Container\Container->make('Illuminate\\Cont...', Array)
#9 /home1/ramadia/public_html/public/index.php(49): Illuminate\Foundation\Application->make('Illuminate\\Cont...')
#10 {main}

Next Illuminate\Contracts\Container\BindingResolutionException: Target class [App\Http\Kernel] does not exist. in /home1/ramadia/public_html/vendor/laravel/framework/src/Illuminate/Container/Container.php:877
Stack trace:
#0 /home1/ramadia/public_html/vendor/laravel/framework/src/Illuminate/Container/Container.php(756): Illuminate\Container\Container->build('App\\Http\\Kernel')
#1 /home1/ramadia/public_html/vendor/laravel/framework/src/Illuminate/Foundation/Application.php(860): Illuminate\Container\Container->resolve('App\\Http\\Kernel', Array, false)
#2 /home1/ramadia/public_html/vendor/laravel/framework/src/Illuminate/Container/Container.php(296): Illuminate\Foundation\Application->resolve('App\\Http\\Kernel', Array, false)
#3 /home1/ramadia/public_html/vendor/laravel/framework/src/Illuminate/Container/Container.php(871): Illuminate\Container\Container->Illuminate\Container\{closure}(Object(Illuminate\Foundation\Application), Array)
#4 /home1/ramadia/public_html/vendor/laravel/framework/src/Illuminate/Container/Container.php(756): Illuminate\Container\Container->build(Object(Closure))
#5 /home1/ramadia/public_html/vendor/laravel/framework/src/Illuminate/Foundation/Application.php(860): Illuminate\Container\Container->resolve('Illuminate\\Cont...', Array, true)
#6 /home1/ramadia/public_html/vendor/laravel/framework/src/Illuminate/Container/Container.php(692): Illuminate\Foundation\Application->resolve('Illuminate\\Cont...', Array)
#7 /home1/ramadia/public_html/vendor/laravel/framework/src/Illuminate/Foundation/Application.php(845): Illuminate\Container\Container->make('Illuminate\\Cont...', Array)
#8 /home1/ramadia/public_html/public/index.php(49): Illuminate\Foundation\Application->make('Illuminate\\Cont...')
#9 {main}
  thrown in /home1/ramadia/public_html/vendor/laravel/framework/src/Illuminate/Container/Container.php on line 877
[28-Oct-2022 13:27:20 America/Chicago] PHP Warning:  include(): Failed opening '/home1/ramadia/public_html/vendor/composer/../../app/Http/Kernel.php' for inclusion (include_path='.:/opt/cpanel/ea-php81/root/usr/share/pear') in /home1/ramadia/public_html/vendor/composer/ClassLoader.php on line 571
[28-Oct-2022 13:27:20 America/Chicago] PHP Fatal error:  Uncaught ReflectionException: Class "App\Http\Kernel" does not exist in /home1/ramadia/public_html/vendor/laravel/framework/src/Illuminate/Container/Container.php:875
Stack trace:
#0 /home1/ramadia/public_html/vendor/laravel/framework/src/Illuminate/Container/Container.php(875): ReflectionClass->__construct('App\\Http\\Kernel')
#1 /home1/ramadia/public_html/vendor/laravel/framework/src/Illuminate/Container/Container.php(756): Illuminate\Container\Container->build('App\\Http\\Kernel')
#2 /home1/ramadia/public_html/vendor/laravel/framework/src/Illuminate/Foundation/Application.php(860): Illuminate\Container\Container->resolve('App\\Http\\Kernel', Array, false)
#3 /home1/ramadia/public_html/vendor/laravel/framework/src/Illuminate/Container/Container.php(296): Illuminate\Foundation\Application->resolve('App\\Http\\Kernel', Array, false)
#4 /home1/ramadia/public_html/vendor/laravel/framework/src/Illuminate/Container/Container.php(871): Illuminate\Container\Container->Illuminate\Container\{closure}(Object(Illuminate\Foundation\Application), Array)
#5 /home1/ramadia/public_html/vendor/laravel/framework/src/Illuminate/Container/Container.php(756): Illuminate\Container\Container->build(Object(Closure))
#6 /home1/ramadia/public_html/vendor/laravel/framework/src/Illuminate/Foundation/Application.php(860): Illuminate\Container\Container->resolve('Illuminate\\Cont...', Array, true)
#7 /home1/ramadia/public_html/vendor/laravel/framework/src/Illuminate/Container/Container.php(692): Illuminate\Foundation\Application->resolve('Illuminate\\Cont...', Array)
#8 /home1/ramadia/public_html/vendor/laravel/framework/src/Illuminate/Foundation/Application.php(845): Illuminate\Container\Container->make('Illuminate\\Cont...', Array)
#9 /home1/ramadia/public_html/public/index.php(49): Illuminate\Foundation\Application->make('Illuminate\\Cont...')
#10 {main}

Next Illuminate\Contracts\Container\BindingResolutionException: Target class [App\Http\Kernel] does not exist. in /home1/ramadia/public_html/vendor/laravel/framework/src/Illuminate/Container/Container.php:877
Stack trace:
#0 /home1/ramadia/public_html/vendor/laravel/framework/src/Illuminate/Container/Container.php(756): Illuminate\Container\Container->build('App\\Http\\Kernel')
#1 /home1/ramadia/public_html/vendor/laravel/framework/src/Illuminate/Foundation/Application.php(860): Illuminate\Container\Container->resolve('App\\Http\\Kernel', Array, false)
#2 /home1/ramadia/public_html/vendor/laravel/framework/src/Illuminate/Container/Container.php(296): Illuminate\Foundation\Application->resolve('App\\Http\\Kernel', Array, false)
#3 /home1/ramadia/public_html/vendor/laravel/framework/src/Illuminate/Container/Container.php(871): Illuminate\Container\Container->Illuminate\Container\{closure}(Object(Illuminate\Foundation\Application), Array)
#4 /home1/ramadia/public_html/vendor/laravel/framework/src/Illuminate/Container/Container.php(756): Illuminate\Container\Container->build(Object(Closure))
#5 /home1/ramadia/public_html/vendor/laravel/framework/src/Illuminate/Foundation/Application.php(860): Illuminate\Container\Container->resolve('Illuminate\\Cont...', Array, true)
#6 /home1/ramadia/public_html/vendor/laravel/framework/src/Illuminate/Container/Container.php(692): Illuminate\Foundation\Application->resolve('Illuminate\\Cont...', Array)
#7 /home1/ramadia/public_html/vendor/laravel/framework/src/Illuminate/Foundation/Application.php(845): Illuminate\Container\Container->make('Illuminate\\Cont...', Array)
#8 /home1/ramadia/public_html/public/index.php(49): Illuminate\Foundation\Application->make('Illuminate\\Cont...')
#9 {main}
  thrown in /home1/ramadia/public_html/vendor/laravel/framework/src/Illuminate/Container/Container.php on line 877
